[06-Mar-2025 17:21:15 UTC] PHP Fatal error:  Uncaught mysqli_sql_exception: Table 'edutec.unidades' doesn't exist in C:\inetpub\wwwroot\edutec\gerenciar_unidade_equipamento.php:6
Stack trace:
#0 C:\inetpub\wwwroot\edutec\gerenciar_unidade_equipamento.php(6): mysqli->query('SELECT * FROM u...')
#1 {main}
  thrown in C:\inetpub\wwwroot\edutec\gerenciar_unidade_equipamento.php on line 6
[06-Mar-2025 17:21:46 UTC] PHP Fatal error:  Uncaught mysqli_sql_exception: Table 'edutec.unidades' doesn't exist in C:\inetpub\wwwroot\edutec\gerenciar_unidade_equipamento.php:23
Stack trace:
#0 C:\inetpub\wwwroot\edutec\gerenciar_unidade_equipamento.php(23): mysqli->query('SELECT ue.*, u....')
#1 {main}
  thrown in C:\inetpub\wwwroot\edutec\gerenciar_unidade_equipamento.php on line 23
[06-Mar-2025 17:22:08 UTC] PHP Fatal error:  Uncaught mysqli_sql_exception: Unknown column 'u.nome_unidade' in 'field list' in C:\inetpub\wwwroot\edutec\gerenciar_unidade_equipamento.php:23
Stack trace:
#0 C:\inetpub\wwwroot\edutec\gerenciar_unidade_equipamento.php(23): mysqli->query('SELECT ue.*, u....')
#1 {main}
  thrown in C:\inetpub\wwwroot\edutec\gerenciar_unidade_equipamento.php on line 23
[06-Mar-2025 17:24:01 UTC] PHP Fatal error:  Uncaught mysqli_sql_exception: Unknown column 'u.nome_unidade' in 'field list' in C:\inetpub\wwwroot\edutec\gerenciar_unidade_equipamento.php:23
Stack trace:
#0 C:\inetpub\wwwroot\edutec\gerenciar_unidade_equipamento.php(23): mysqli->query('SELECT ue.*, u....')
#1 {main}
  thrown in C:\inetpub\wwwroot\edutec\gerenciar_unidade_equipamento.php on line 23
[06-Mar-2025 17:27:17 UTC] PHP Fatal error:  Uncaught mysqli_sql_exception: Unknown column 'u.nome_unidade' in 'field list' in C:\inetpub\wwwroot\edutec\gerenciar_unidade_equipamento.php:39
Stack trace:
#0 C:\inetpub\wwwroot\edutec\gerenciar_unidade_equipamento.php(39): mysqli->query('SELECT ue.*, u....')
#1 {main}
  thrown in C:\inetpub\wwwroot\edutec\gerenciar_unidade_equipamento.php on line 39
[06-Mar-2025 17:29:15 UTC] PHP Warning:  Undefined array key "nome_unidade" in C:\inetpub\wwwroot\edutec\gerenciar_unidade_equipamento.php on line 64
[06-Mar-2025 17:29:15 UTC] PHP Warning:  Undefined array key "nome_unidade" in C:\inetpub\wwwroot\edutec\gerenciar_unidade_equipamento.php on line 64
[06-Mar-2025 17:29:15 UTC] PHP Warning:  Undefined array key "nome_unidade" in C:\inetpub\wwwroot\edutec\gerenciar_unidade_equipamento.php on line 64
[06-Mar-2025 17:29:15 UTC] PHP Warning:  Undefined array key "nome_unidade" in C:\inetpub\wwwroot\edutec\gerenciar_unidade_equipamento.php on line 64
[06-Mar-2025 17:29:15 UTC] PHP Warning:  Undefined array key "nome_unidade" in C:\inetpub\wwwroot\edutec\gerenciar_unidade_equipamento.php on line 64
[06-Mar-2025 17:29:15 UTC] PHP Warning:  Undefined array key "nome_unidade" in C:\inetpub\wwwroot\edutec\gerenciar_unidade_equipamento.php on line 64
[06-Mar-2025 17:29:15 UTC] PHP Warning:  Undefined array key "nome_unidade" in C:\inetpub\wwwroot\edutec\gerenciar_unidade_equipamento.php on line 64
[06-Mar-2025 17:29:15 UTC] PHP Warning:  Undefined array key "nome_unidade" in C:\inetpub\wwwroot\edutec\gerenciar_unidade_equipamento.php on line 64
[06-Mar-2025 17:29:15 UTC] PHP Warning:  Undefined array key "nome_unidade" in C:\inetpub\wwwroot\edutec\gerenciar_unidade_equipamento.php on line 64
[06-Mar-2025 17:29:15 UTC] PHP Warning:  Undefined array key "nome_unidade" in C:\inetpub\wwwroot\edutec\gerenciar_unidade_equipamento.php on line 64
[06-Mar-2025 17:29:15 UTC] PHP Warning:  Undefined array key "nome_unidade" in C:\inetpub\wwwroot\edutec\gerenciar_unidade_equipamento.php on line 64
[06-Mar-2025 17:29:15 UTC] PHP Warning:  Undefined array key "nome_unidade" in C:\inetpub\wwwroot\edutec\gerenciar_unidade_equipamento.php on line 64
[06-Mar-2025 17:29:15 UTC] PHP Warning:  Undefined array key "nome_unidade" in C:\inetpub\wwwroot\edutec\gerenciar_unidade_equipamento.php on line 64
[06-Mar-2025 17:29:15 UTC] PHP Warning:  Undefined array key "nome_unidade" in C:\inetpub\wwwroot\edutec\gerenciar_unidade_equipamento.php on line 64
[06-Mar-2025 17:29:15 UTC] PHP Warning:  Undefined array key "nome_unidade" in C:\inetpub\wwwroot\edutec\gerenciar_unidade_equipamento.php on line 64
[06-Mar-2025 17:29:15 UTC] PHP Warning:  Undefined array key "nome_unidade" in C:\inetpub\wwwroot\edutec\gerenciar_unidade_equipamento.php on line 64
[06-Mar-2025 17:29:15 UTC] PHP Warning:  Undefined array key "nome_unidade" in C:\inetpub\wwwroot\edutec\gerenciar_unidade_equipamento.php on line 64
[06-Mar-2025 17:29:15 UTC] PHP Warning:  Undefined array key "nome_unidade" in C:\inetpub\wwwroot\edutec\gerenciar_unidade_equipamento.php on line 64
[06-Mar-2025 17:29:15 UTC] PHP Warning:  Undefined array key "nome_unidade" in C:\inetpub\wwwroot\edutec\gerenciar_unidade_equipamento.php on line 64
[06-Mar-2025 17:29:15 UTC] PHP Warning:  Undefined array key "nome_unidade" in C:\inetpub\wwwroot\edutec\gerenciar_unidade_equipamento.php on line 64
[06-Mar-2025 17:29:15 UTC] PHP Warning:  Undefined array key "nome_unidade" in C:\inetpub\wwwroot\edutec\gerenciar_unidade_equipamento.php on line 64
[06-Mar-2025 17:29:15 UTC] PHP Warning:  Undefined array key "nome_unidade" in C:\inetpub\wwwroot\edutec\gerenciar_unidade_equipamento.php on line 64
[06-Mar-2025 17:29:15 UTC] PHP Warning:  Undefined array key "nome_unidade" in C:\inetpub\wwwroot\edutec\gerenciar_unidade_equipamento.php on line 64
[06-Mar-2025 17:29:15 UTC] PHP Warning:  Undefined array key "nome_unidade" in C:\inetpub\wwwroot\edutec\gerenciar_unidade_equipamento.php on line 64
[06-Mar-2025 17:29:15 UTC] PHP Warning:  Undefined array key "nome_unidade" in C:\inetpub\wwwroot\edutec\gerenciar_unidade_equipamento.php on line 64
[06-Mar-2025 17:29:15 UTC] PHP Warning:  Undefined array key "nome_unidade" in C:\inetpub\wwwroot\edutec\gerenciar_unidade_equipamento.php on line 64
[06-Mar-2025 17:29:15 UTC] PHP Warning:  Undefined array key "nome_unidade" in C:\inetpub\wwwroot\edutec\gerenciar_unidade_equipamento.php on line 64
[06-Mar-2025 17:29:15 UTC] PHP Warning:  Undefined array key "nome_unidade" in C:\inetpub\wwwroot\edutec\gerenciar_unidade_equipamento.php on line 64
[06-Mar-2025 17:29:15 UTC] PHP Warning:  Undefined array key "nome_unidade" in C:\inetpub\wwwroot\edutec\gerenciar_unidade_equipamento.php on line 64
[06-Mar-2025 17:29:15 UTC] PHP Warning:  Undefined array key "nome_unidade" in C:\inetpub\wwwroot\edutec\gerenciar_unidade_equipamento.php on line 64
[06-Mar-2025 17:29:15 UTC] PHP Warning:  Undefined array key "nome_unidade" in C:\inetpub\wwwroot\edutec\gerenciar_unidade_equipamento.php on line 64
[06-Mar-2025 17:29:15 UTC] PHP Warning:  Undefined array key "nome_unidade" in C:\inetpub\wwwroot\edutec\gerenciar_unidade_equipamento.php on line 64
[06-Mar-2025 17:29:15 UTC] PHP Warning:  Undefined array key "nome_unidade" in C:\inetpub\wwwroot\edutec\gerenciar_unidade_equipamento.php on line 64
[06-Mar-2025 17:29:15 UTC] PHP Warning:  Undefined array key "nome_unidade" in C:\inetpub\wwwroot\edutec\gerenciar_unidade_equipamento.php on line 64
[06-Mar-2025 17:29:15 UTC] PHP Warning:  Undefined array key "nome_unidade" in C:\inetpub\wwwroot\edutec\gerenciar_unidade_equipamento.php on line 64
[06-Mar-2025 17:29:15 UTC] PHP Warning:  Undefined array key "nome_unidade" in C:\inetpub\wwwroot\edutec\gerenciar_unidade_equipamento.php on line 64
[06-Mar-2025 23:16:34 UTC] PHP Fatal error:  Uncaught mysqli_sql_exception: Access denied for user 'usuario'@'localhost' (using password: YES) in C:\inetpub\wwwroot\edutec\equipamentos.php:14
Stack trace:
#0 C:\inetpub\wwwroot\edutec\equipamentos.php(14): mysqli->__construct('localhost', 'usuario', Object(SensitiveParameterValue), 'banco_de_dados')
#1 {main}
  thrown in C:\inetpub\wwwroot\edutec\equipamentos.php on line 14
[06-Mar-2025 23:18:52 UTC] PHP Fatal error:  Uncaught mysqli_sql_exception: Unknown column 'id' in 'field list' in C:\inetpub\wwwroot\edutec\equipamentos.php:71
Stack trace:
#0 C:\inetpub\wwwroot\edutec\equipamentos.php(71): mysqli->query('SELECT id, nome...')
#1 {main}
  thrown in C:\inetpub\wwwroot\edutec\equipamentos.php on line 71
[06-Mar-2025 23:19:51 UTC] PHP Fatal error:  Uncaught mysqli_sql_exception: Unknown column 'id' in 'field list' in C:\inetpub\wwwroot\edutec\equipamentos.php:71
Stack trace:
#0 C:\inetpub\wwwroot\edutec\equipamentos.php(71): mysqli->query('SELECT id, nome...')
#1 {main}
  thrown in C:\inetpub\wwwroot\edutec\equipamentos.php on line 71
[06-Mar-2025 23:19:53 UTC] PHP Fatal error:  Uncaught mysqli_sql_exception: Unknown column 'id' in 'field list' in C:\inetpub\wwwroot\edutec\equipamentos.php:71
Stack trace:
#0 C:\inetpub\wwwroot\edutec\equipamentos.php(71): mysqli->query('SELECT id, nome...')
#1 {main}
  thrown in C:\inetpub\wwwroot\edutec\equipamentos.php on line 71
[06-Mar-2025 23:22:20 UTC] PHP Fatal error:  Uncaught mysqli_sql_exception: Access denied for user 'username'@'localhost' (using password: YES) in C:\inetpub\wwwroot\edutec\editar_equipamento.php:2
Stack trace:
#0 C:\inetpub\wwwroot\edutec\editar_equipamento.php(2): mysqli->__construct('localhost', 'username', Object(SensitiveParameterValue), 'database')
#1 {main}
  thrown in C:\inetpub\wwwroot\edutec\editar_equipamento.php on line 2
[06-Mar-2025 23:26:43 UTC] PHP Warning:  Undefined array key "nome_unidade" in C:\inetpub\wwwroot\edutec\gerenciar_unidade_equipamento.php on line 99
[06-Mar-2025 23:26:51 UTC] PHP Warning:  Undefined array key "nome_unidade" in C:\inetpub\wwwroot\edutec\gerenciar_unidade_equipamento.php on line 99
[06-Mar-2025 23:27:35 UTC] PHP Warning:  Undefined array key "nome_unidade" in C:\inetpub\wwwroot\edutec\gerenciar_unidade_equipamento.php on line 99
[06-Mar-2025 23:27:37 UTC] PHP Warning:  Undefined array key "nome_unidade" in C:\inetpub\wwwroot\edutec\gerenciar_unidade_equipamento.php on line 99
[09-Mar-2025 10:50:59 UTC] PHP Fatal error:  Uncaught mysqli_sql_exception: Unknown column 'habilitada' in 'where clause' in C:\inetpub\wwwroot\edutec\index.php:7
Stack trace:
#0 C:\inetpub\wwwroot\edutec\index.php(7): mysqli->query('SELECT id_unida...')
#1 {main}
  thrown in C:\inetpub\wwwroot\edutec\index.php on line 7
[13-Mar-2025 16:28:40 UTC] PHP Notice:  session_start(): Ignoring session_start() because a session is already active in C:\inetpub\wwwroot\edutec\header.php on line 2
[13-Mar-2025 17:55:18 UTC] PHP Notice:  session_start(): Ignoring session_start() because a session is already active in C:\inetpub\wwwroot\edutec\header.php on line 2
[13-Mar-2025 18:00:24 UTC] PHP Notice:  session_start(): Ignoring session_start() because a session is already active in C:\inetpub\wwwroot\edutec\header.php on line 2
[13-Mar-2025 18:00:59 UTC] PHP Notice:  session_start(): Ignoring session_start() because a session is already active in C:\inetpub\wwwroot\edutec\header.php on line 2
[13-Mar-2025 18:01:28 UTC] PHP Notice:  session_start(): Ignoring session_start() because a session is already active in C:\inetpub\wwwroot\edutec\header.php on line 2
[13-Mar-2025 18:01:56 UTC] PHP Notice:  session_start(): Ignoring session_start() because a session is already active in C:\inetpub\wwwroot\edutec\header.php on line 2
[13-Mar-2025 18:03:25 UTC] PHP Notice:  session_start(): Ignoring session_start() because a session is already active in C:\inetpub\wwwroot\edutec\header.php on line 2
[13-Mar-2025 18:04:29 UTC] PHP Notice:  session_start(): Ignoring session_start() because a session is already active in C:\inetpub\wwwroot\edutec\header.php on line 2
[13-Mar-2025 18:05:07 UTC] PHP Notice:  session_start(): Ignoring session_start() because a session is already active in C:\inetpub\wwwroot\edutec\header.php on line 2
[13-Mar-2025 18:05:36 UTC] PHP Notice:  session_start(): Ignoring session_start() because a session is already active in C:\inetpub\wwwroot\edutec\header.php on line 2
[13-Mar-2025 18:06:09 UTC] PHP Notice:  session_start(): Ignoring session_start() because a session is already active in C:\inetpub\wwwroot\edutec\header.php on line 2
[13-Mar-2025 18:06:42 UTC] PHP Notice:  session_start(): Ignoring session_start() because a session is already active in C:\inetpub\wwwroot\edutec\header.php on line 2
[13-Mar-2025 18:08:29 UTC] PHP Notice:  session_start(): Ignoring session_start() because a session is already active in C:\inetpub\wwwroot\edutec\header.php on line 2
[13-Mar-2025 18:09:18 UTC] PHP Notice:  session_start(): Ignoring session_start() because a session is already active in C:\inetpub\wwwroot\edutec\header.php on line 2
[13-Mar-2025 18:09:49 UTC] PHP Notice:  session_start(): Ignoring session_start() because a session is already active in C:\inetpub\wwwroot\edutec\header.php on line 2
[13-Mar-2025 18:10:23 UTC] PHP Notice:  session_start(): Ignoring session_start() because a session is already active in C:\inetpub\wwwroot\edutec\header.php on line 2
[13-Mar-2025 18:10:54 UTC] PHP Notice:  session_start(): Ignoring session_start() because a session is already active in C:\inetpub\wwwroot\edutec\header.php on line 2
[13-Mar-2025 18:12:33 UTC] PHP Notice:  session_start(): Ignoring session_start() because a session is already active in C:\inetpub\wwwroot\edutec\header.php on line 2
[13-Mar-2025 18:12:57 UTC] PHP Notice:  session_start(): Ignoring session_start() because a session is already active in C:\inetpub\wwwroot\edutec\header.php on line 2
[13-Mar-2025 18:13:27 UTC] PHP Notice:  session_start(): Ignoring session_start() because a session is already active in C:\inetpub\wwwroot\edutec\header.php on line 2
[13-Mar-2025 18:15:00 UTC] PHP Notice:  session_start(): Ignoring session_start() because a session is already active in C:\inetpub\wwwroot\edutec\header.php on line 2
[13-Mar-2025 18:16:27 UTC] PHP Notice:  session_start(): Ignoring session_start() because a session is already active in C:\inetpub\wwwroot\edutec\header.php on line 2
[13-Mar-2025 18:18:45 UTC] PHP Notice:  session_start(): Ignoring session_start() because a session is already active in C:\inetpub\wwwroot\edutec\header.php on line 2
[13-Mar-2025 18:19:40 UTC] PHP Notice:  session_start(): Ignoring session_start() because a session is already active in C:\inetpub\wwwroot\edutec\header.php on line 2
[13-Mar-2025 18:20:18 UTC] PHP Notice:  session_start(): Ignoring session_start() because a session is already active in C:\inetpub\wwwroot\edutec\header.php on line 2
[13-Mar-2025 18:30:03 UTC] PHP Notice:  session_start(): Ignoring session_start() because a session is already active in C:\inetpub\wwwroot\edutec\header.php on line 2
[13-Mar-2025 18:30:46 UTC] PHP Notice:  session_start(): Ignoring session_start() because a session is already active in C:\inetpub\wwwroot\edutec\header.php on line 2
[13-Mar-2025 18:31:21 UTC] PHP Notice:  session_start(): Ignoring session_start() because a session is already active in C:\inetpub\wwwroot\edutec\header.php on line 2
[13-Mar-2025 18:35:45 UTC] PHP Notice:  session_start(): Ignoring session_start() because a session is already active in C:\inetpub\wwwroot\edutec\header.php on line 2
[13-Mar-2025 18:37:54 UTC] PHP Notice:  session_start(): Ignoring session_start() because a session is already active in C:\inetpub\wwwroot\edutec\header.php on line 2
[13-Mar-2025 18:40:18 UTC] PHP Notice:  session_start(): Ignoring session_start() because a session is already active in C:\inetpub\wwwroot\edutec\header.php on line 2
[13-Mar-2025 18:41:56 UTC] PHP Notice:  session_start(): Ignoring session_start() because a session is already active in C:\inetpub\wwwroot\edutec\header.php on line 2
[13-Mar-2025 18:44:44 UTC] PHP Notice:  session_start(): Ignoring session_start() because a session is already active in C:\inetpub\wwwroot\edutec\header.php on line 2
[13-Mar-2025 18:46:32 UTC] PHP Notice:  session_start(): Ignoring session_start() because a session is already active in C:\inetpub\wwwroot\edutec\header.php on line 2
[13-Mar-2025 18:48:40 UTC] PHP Notice:  session_start(): Ignoring session_start() because a session is already active in C:\inetpub\wwwroot\edutec\header.php on line 2
[13-Mar-2025 18:50:20 UTC] PHP Notice:  session_start(): Ignoring session_start() because a session is already active in C:\inetpub\wwwroot\edutec\header.php on line 2
[13-Mar-2025 18:51:34 UTC] PHP Notice:  session_start(): Ignoring session_start() because a session is already active in C:\inetpub\wwwroot\edutec\header.php on line 2
[13-Mar-2025 18:52:44 UTC] PHP Notice:  session_start(): Ignoring session_start() because a session is already active in C:\inetpub\wwwroot\edutec\header.php on line 2
[13-Mar-2025 18:54:29 UTC] PHP Notice:  session_start(): Ignoring session_start() because a session is already active in C:\inetpub\wwwroot\edutec\header.php on line 2
[13-Mar-2025 18:55:48 UTC] PHP Notice:  session_start(): Ignoring session_start() because a session is already active in C:\inetpub\wwwroot\edutec\header.php on line 2
[13-Mar-2025 18:56:57 UTC] PHP Notice:  session_start(): Ignoring session_start() because a session is already active in C:\inetpub\wwwroot\edutec\header.php on line 2
[13-Mar-2025 19:02:36 UTC] PHP Notice:  session_start(): Ignoring session_start() because a session is already active in C:\inetpub\wwwroot\edutec\header.php on line 2
[13-Mar-2025 19:03:14 UTC] PHP Notice:  session_start(): Ignoring session_start() because a session is already active in C:\inetpub\wwwroot\edutec\header.php on line 2
[13-Mar-2025 19:16:38 UTC] PHP Notice:  session_start(): Ignoring session_start() because a session is already active in C:\inetpub\wwwroot\edutec\header.php on line 2
[13-Mar-2025 23:05:34 UTC] PHP Notice:  session_start(): Ignoring session_start() because a session is already active in C:\inetpub\wwwroot\edutec\header.php on line 2
[14-Mar-2025 00:59:20 UTC] PHP Notice:  session_start(): Ignoring session_start() because a session is already active in C:\inetpub\wwwroot\edutec\header.php on line 2
[14-Mar-2025 01:00:24 UTC] PHP Notice:  session_start(): Ignoring session_start() because a session is already active in C:\inetpub\wwwroot\edutec\header.php on line 2
[14-Mar-2025 01:07:19 UTC] PHP Notice:  session_start(): Ignoring session_start() because a session is already active in C:\inetpub\wwwroot\edutec\header.php on line 2
[14-Mar-2025 01:07:41 UTC] PHP Notice:  session_start(): Ignoring session_start() because a session is already active in C:\inetpub\wwwroot\edutec\header.php on line 2
[14-Mar-2025 01:11:36 UTC] PHP Notice:  session_start(): Ignoring session_start() because a session is already active in C:\inetpub\wwwroot\edutec\header.php on line 2
[14-Mar-2025 11:33:29 UTC] PHP Notice:  session_start(): Ignoring session_start() because a session is already active in C:\inetpub\wwwroot\edutec\header.php on line 2
[14-Mar-2025 11:47:03 UTC] PHP Fatal error:  Uncaught mysqli_sql_exception: Unknown column 'id' in 'where clause' in C:\inetpub\wwwroot\edutec\gerenciar_unidade_equipamento.php:18
Stack trace:
#0 C:\inetpub\wwwroot\edutec\gerenciar_unidade_equipamento.php(18): mysqli->prepare('SELECT nome_esc...')
#1 {main}
  thrown in C:\inetpub\wwwroot\edutec\gerenciar_unidade_equipamento.php on line 18
